<?xml version="1.0" encoding="UTF-8" ?>
<testsuite failures="0" time="2.595" errors="0" skipped="0" tests="6" name="com.bbc.media.tv.programmes.test.BBCTVRESTAppTest">
  <properties>
[...]
</properties>
  <testcase time="1.26" classname="com.bbc.media.tv.programmes.test.BBCTVRESTAppTest" name="testAddProgramme"/>
  <testcase time="0.318" classname="com.bbc.media.tv.programmes.test.BBCTVRESTAppTest" name="testGetProgrammeById"/>
  <testcase time="0.259" classname="com.bbc.media.tv.programmes.test.BBCTVRESTAppTest" name="testGetProgrammeByCategory"/>
  <testcase time="0.235" classname="com.bbc.media.tv.programmes.test.BBCTVRESTAppTest" name="testGetProgrammeByAvailability"/>
  <testcase time="0.247" classname="com.bbc.media.tv.programmes.test.BBCTVRESTAppTest" name="testUpdateProgramme"/>
  <testcase time="0.207" classname="com.bbc.media.tv.programmes.test.BBCTVRESTAppTest" name="testDeleteProgramme"/>
</testsuite>